<?xml version="1.0" encoding="UTF-8"?>
<!-- Generated by org.testng.reporters.JUnitReportReporter -->
<testsuite hostname="DESKTOP-FK3RV9V" failures="0" tests="5" name="DataDriven.loginTest" time="32.254" errors="0" timestamp="2024-07-13T22:54:58 IST" skipped="0">
  <testcase classname="DataDriven.loginTest" name="loginTest" time="6.224"/>
  <system-out/>
  <testcase classname="DataDriven.loginTest" name="loginTest" time="6.950"/>
  <system-out/>
  <testcase classname="DataDriven.loginTest" name="loginTest" time="6.555"/>
  <system-out/>
  <testcase classname="DataDriven.loginTest" name="loginTest" time="6.207"/>
  <system-out/>
  <testcase classname="DataDriven.loginTest" name="loginTest" time="6.318"/>
  <system-out/>
</testsuite> <!-- DataDriven.loginTest -->
