<?xml version="1.0" encoding="UTF-8"?>
<!-- Generated by org.testng.reporters.JUnitReportReporter -->
<testsuite hostname="DESKTOP-FK3RV9V" failures="0" tests="5" name="DataDriven.loginTest" time="36.426" errors="0" timestamp="2024-09-13T19:01:06 IST" skipped="0">
  <testcase classname="DataDriven.loginTest" name="loginTest" time="8.144"/>
  <system-out/>
  <testcase classname="DataDriven.loginTest" name="loginTest" time="6.651"/>
  <system-out/>
  <testcase classname="DataDriven.loginTest" name="loginTest" time="6.303"/>
  <system-out/>
  <testcase classname="DataDriven.loginTest" name="loginTest" time="6.000"/>
  <system-out/>
  <testcase classname="DataDriven.loginTest" name="loginTest" time="9.328"/>
  <system-out/>
</testsuite> <!-- DataDriven.loginTest -->
