<?xml version="1.0" encoding="UTF-8"?>
<!-- Generated by org.testng.reporters.JUnitReportReporter -->
<testsuite hostname="DESKTOP-FK3RV9V" failures="0" tests="1" name="DataDriven.Student_onboard" time="17.002" errors="0" timestamp="2024-09-13T18:54:50 IST" skipped="0">
  <testcase classname="DataDriven.Student_onboard" name="studentdata" time="17.002"/>
  <system-out/>
</testsuite> <!-- DataDriven.Student_onboard -->
