<?xml version="1.0" encoding="UTF-8"?>
<!-- Generated by org.testng.reporters.JUnitReportReporter -->
<testsuite hostname="DESKTOP-FK3RV9V" failures="0" tests="1" name="TestCases.Student_creation" time="11.197" errors="0" timestamp="2024-09-13T16:15:59 IST" skipped="0">
  <testcase classname="TestCases.Student_creation" name="student_creation_negative" time="11.197"/>
  <system-out/>
</testsuite> <!-- TestCases.Student_creation -->
