<?xml version="1.0" encoding="UTF-8"?>
<!-- Generated by org.testng.reporters.JUnitReportReporter -->
<testsuite hostname="DESKTOP-FK3RV9V" failures="0" tests="9" name="TestCases.Hostel_BulkAllotment" time="117.464" errors="0" timestamp="2024-09-30T11:46:55 IST" skipped="0">
  <testcase classname="TestCases.Hostel_BulkAllotment" name="hosteldata" time="12.378"/>
  <system-out/>
  <testcase classname="TestCases.Hostel_BulkAllotment" name="hosteldata" time="12.478"/>
  <system-out/>
  <testcase classname="TestCases.Hostel_BulkAllotment" name="hosteldata" time="14.049"/>
  <system-out/>
  <testcase classname="TestCases.Hostel_BulkAllotment" name="hosteldata" time="13.310"/>
  <system-out/>
  <testcase classname="TestCases.Hostel_BulkAllotment" name="hosteldata" time="12.341"/>
  <system-out/>
  <testcase classname="TestCases.Hostel_BulkAllotment" name="hosteldata" time="12.483"/>
  <system-out/>
  <testcase classname="TestCases.Hostel_BulkAllotment" name="hosteldata" time="15.051"/>
  <system-out/>
  <testcase classname="TestCases.Hostel_BulkAllotment" name="hosteldata" time="13.060"/>
  <system-out/>
  <testcase classname="TestCases.Hostel_BulkAllotment" name="hosteldata" time="12.314"/>
  <system-out/>
</testsuite> <!-- TestCases.Hostel_BulkAllotment -->
