<?xml version="1.0" encoding="UTF-8"?>
<!-- Generated by org.testng.reporters.JUnitReportReporter -->
<testsuite hostname="DESKTOP-FK3RV9V" failures="0" tests="1" name="TestCases.Gaurdian_creation" time="13.406" errors="0" timestamp="2024-09-13T18:57:09 IST" skipped="0">
  <testcase classname="TestCases.Gaurdian_creation" name="Guardian" time="13.406"/>
  <system-out/>
</testsuite> <!-- TestCases.Gaurdian_creation -->
