<?xml version="1.0" encoding="UTF-8"?>
<!-- Generated by org.testng.reporters.JUnitReportReporter -->
<testsuite hostname="DESKTOP-FK3RV9V" failures="0" tests="1" name="TestCases.Log_In" time="4.430" errors="0" timestamp="2024-06-03T18:24:33 IST" skipped="0">
  <testcase classname="TestCases.Log_In" name="login" time="4.430"/>
  <system-out/>
</testsuite> <!-- TestCases.Log_In -->
