<?xml version="1.0" encoding="UTF-8"?>
<!-- Generated by org.testng.reporters.JUnitReportReporter -->
<testsuite hostname="DESKTOP-FK3RV9V" failures="0" tests="1" name="TestCases.Log_In" time="7.764" errors="0" timestamp="2024-09-05T20:48:30 IST" skipped="0">
  <testcase classname="TestCases.Log_In" name="login" time="7.764"/>
  <system-out/>
</testsuite> <!-- TestCases.Log_In -->
