<?xml version="1.0" encoding="UTF-8"?>
<!-- Generated by org.testng.reporters.JUnitReportReporter -->
<testsuite hostname="DESKTOP-FK3RV9V" failures="0" tests="1" name="TestCases.Student_creation" time="55.526" errors="0" timestamp="2024-06-25T14:58:55 IST" skipped="0">
  <testcase classname="TestCases.Student_creation" name="student_creation_positive" time="55.526"/>
  <system-out/>
</testsuite> <!-- TestCases.Student_creation -->
