<?xml version="1.0" encoding="UTF-8"?>
<!-- Generated by org.testng.reporters.JUnitReportReporter -->
<testsuite hostname="DESKTOP-FK3RV9V" failures="0" tests="1" name="DataDriven.Student_onboard" time="23.318" errors="0" timestamp="2024-09-11T13:39:52 IST" skipped="0">
  <testcase classname="DataDriven.Student_onboard" name="studentdata" time="23.318"/>
  <system-out/>
</testsuite> <!-- DataDriven.Student_onboard -->
