<?xml version="1.0" encoding="UTF-8"?>
<!-- Generated by org.testng.reporters.JUnitReportReporter -->
<testsuite hostname="DESKTOP-FK3RV9V" failures="0" tests="5" name="DataDriven.DataDrivenTest" time="17.914" errors="0" timestamp="2024-06-06T11:17:39 IST" skipped="0">
  <testcase classname="DataDriven.DataDrivenTest" name="loginTest" time="3.230"/>
  <system-out/>
  <testcase classname="DataDriven.DataDrivenTest" name="loginTest" time="4.164"/>
  <system-out/>
  <testcase classname="DataDriven.DataDrivenTest" name="loginTest" time="3.337"/>
  <system-out/>
  <testcase classname="DataDriven.DataDrivenTest" name="loginTest" time="3.809"/>
  <system-out/>
  <testcase classname="DataDriven.DataDrivenTest" name="loginTest" time="3.374"/>
  <system-out/>
</testsuite> <!-- DataDriven.DataDrivenTest -->
