<?xml version="1.0" encoding="UTF-8"?>
<!-- Generated by org.testng.reporters.JUnitReportReporter -->
<testsuite hostname="DESKTOP-FK3RV9V" failures="0" tests="1" name="TestCases.Gaurdian_creation" time="11.433" errors="0" timestamp="2024-09-11T18:50:14 IST" skipped="0">
  <testcase classname="TestCases.Gaurdian_creation" name="Guardian" time="11.433"/>
  <system-out/>
</testsuite> <!-- TestCases.Gaurdian_creation -->
