<?xml version="1.0" encoding="UTF-8"?>
<!-- Generated by org.testng.reporters.JUnitReportReporter -->
<testsuite hostname="DESKTOP-FK3RV9V" failures="0" tests="5" name="DataDriven.loginTest" time="35.561" errors="0" timestamp="2024-06-17T15:53:20 IST" skipped="0">
  <testcase classname="DataDriven.loginTest" name="loginTest" time="7.595"/>
  <system-out/>
  <testcase classname="DataDriven.loginTest" name="loginTest" time="7.001"/>
  <system-out/>
  <testcase classname="DataDriven.loginTest" name="loginTest" time="6.663"/>
  <system-out/>
  <testcase classname="DataDriven.loginTest" name="loginTest" time="6.633"/>
  <system-out/>
  <testcase classname="DataDriven.loginTest" name="loginTest" time="7.669"/>
  <system-out/>
</testsuite> <!-- DataDriven.loginTest -->
